# JRE version: OpenJDK Runtime Environment (17.0.9) (build 17.0.9+0--11185874)
# Java VM: OpenJDK 64-Bit Server VM (17.0.9+0--11185874, mixed mode, tiered, compressed oops, compressed class ptrs, g1 gc, windows-amd64)
GC Precious Log:
 CPUs: 16 total, 16 available
 Memory: 15773M
 Large Page Support: Disabled
 NUMA Support: Disabled
 Compressed Oops: Enabled (32-bit)
 Heap Region Size: 1M
 Heap Min Capacity: 8M
 Heap Initial Capacity: 248M
 Heap Max Capacity: 2G
 Pre-touch: Disabled
 Parallel Workers: 13
 Concurrent Workers: 3
 Concurrent Refinement Workers: 13
 Periodic GC: Disabled
Heap:
 garbage-first heap   total 317440K, used 134131K [0x0000000080000000, 0x0000000100000000)
  region size 1024K, 2 young (2048K), 2 survivors (2048K)
 Metaspace       used 111896K, committed 112832K, reserved 1179648K
  class space    used 15156K, committed 15680K, reserved 1048576K
GC Heap History (20 events):
Event: 70.460 GC heap after
{Heap after GC invocations=46 (full 0):
 garbage-first heap   total 264192K, used 175626K [0x0000000080000000, 0x0000000100000000)
  region size 1024K, 3 young (3072K), 3 survivors (3072K)
 Metaspace       used 111218K, committed 112128K, reserved 1179648K
  class space    used 15124K, committed 15616K, reserved 1048576K
}
Event: 95.791 GC heap before
{Heap before GC invocations=46 (full 0):
 garbage-first heap   total 264192K, used 211466K [0x0000000080000000, 0x0000000100000000)
  region size 1024K, 39 young (39936K), 3 survivors (3072K)
 Metaspace       used 111346K, committed 112320K, reserved 1179648K
  class space    used 15127K, committed 15616K, reserved 1048576K
}
Event: 95.794 GC heap after
{Heap after GC invocations=47 (full 0):
 garbage-first heap   total 264192K, used 178516K [0x0000000080000000, 0x0000000100000000)
  region size 1024K, 5 young (5120K), 5 survivors (5120K)
 Metaspace       used 111346K, committed 112320K, reserved 1179648K
  class space    used 15127K, committed 15616K, reserved 1048576K
}
Event: 96.042 GC heap before
{Heap before GC invocations=47 (full 0):
 garbage-first heap   total 264192K, used 217428K [0x0000000080000000, 0x0000000100000000)
  region size 1024K, 41 young (41984K), 5 survivors (5120K)
 Metaspace       used 111542K, committed 112448K, reserved 1179648K
  class space    used 15143K, committed 15616K, reserved 1048576K
}
Event: 96.049 GC heap after
{Heap after GC invocations=48 (full 0):
 garbage-first heap   total 264192K, used 190253K [0x0000000080000000, 0x0000000100000000)
  region size 1024K, 6 young (6144K), 6 survivors (6144K)
 Metaspace       used 111542K, committed 112448K, reserved 1179648K
  class space    used 15143K, committed 15616K, reserved 1048576K
}
Event: 96.159 GC heap before
{Heap before GC invocations=48 (full 0):
 garbage-first heap   total 264192K, used 215853K [0x0000000080000000, 0x0000000100000000)
  region size 1024K, 32 young (32768K), 6 survivors (6144K)
 Metaspace       used 111553K, committed 112512K, reserved 1179648K
  class space    used 15143K, committed 15616K, reserved 1048576K
}
Event: 96.166 GC heap after
{Heap after GC invocations=49 (full 0):
 garbage-first heap   total 264192K, used 202513K [0x0000000080000000, 0x0000000100000000)
  region size 1024K, 4 young (4096K), 4 survivors (4096K)
 Metaspace       used 111553K, committed 112512K, reserved 1179648K
  class space    used 15143K, committed 15616K, reserved 1048576K
}
Event: 96.197 GC heap before
{Heap before GC invocations=49 (full 0):
 garbage-first heap   total 264192K, used 226065K [0x0000000080000000, 0x0000000100000000)
  region size 1024K, 14 young (14336K), 4 survivors (4096K)
 Metaspace       used 111556K, committed 112512K, reserved 1179648K
  class space    used 15143K, committed 15616K, reserved 1048576K
}
Event: 96.202 GC heap after
{Heap after GC invocations=50 (full 0):
 garbage-first heap   total 317440K, used 219050K [0x0000000080000000, 0x0000000100000000)
  region size 1024K, 3 young (3072K), 3 survivors (3072K)
 Metaspace       used 111556K, committed 112512K, reserved 1179648K
  class space    used 15143K, committed 15616K, reserved 1048576K
}
Event: 96.206 GC heap before
{Heap before GC invocations=50 (full 0):
 garbage-first heap   total 317440K, used 227242K [0x0000000080000000, 0x0000000100000000)
  region size 1024K, 4 young (4096K), 3 survivors (3072K)
 Metaspace       used 111556K, committed 112512K, reserved 1179648K
  class space    used 15143K, committed 15616K, reserved 1048576K
}
Event: 96.209 GC heap after
{Heap after GC invocations=51 (full 0):
 garbage-first heap   total 317440K, used 217333K [0x0000000080000000, 0x0000000100000000)
  region size 1024K, 1 young (1024K), 1 survivors (1024K)
 Metaspace       used 111556K, committed 112512K, reserved 1179648K
  class space    used 15143K, committed 15616K, reserved 1048576K
}
Event: 97.174 GC heap before
{Heap before GC invocations=51 (full 0):
 garbage-first heap   total 317440K, used 251125K [0x0000000080000000, 0x0000000100000000)
  region size 1024K, 30 young (30720K), 1 survivors (1024K)
 Metaspace       used 111765K, committed 112768K, reserved 1179648K
  class space    used 15162K, committed 15680K, reserved 1048576K
}
Event: 97.176 GC heap after
{Heap after GC invocations=52 (full 0):
 garbage-first heap   total 317440K, used 214049K [0x0000000080000000, 0x0000000100000000)
  region size 1024K, 3 young (3072K), 3 survivors (3072K)
 Metaspace       used 111765K, committed 112768K, reserved 1179648K
  class space    used 15162K, committed 15680K, reserved 1048576K
}
Event: 110.251 GC heap before
{Heap before GC invocations=52 (full 0):
 garbage-first heap   total 317440K, used 248865K [0x0000000080000000, 0x0000000100000000)
  region size 1024K, 37 young (37888K), 3 survivors (3072K)
 Metaspace       used 111825K, committed 112832K, reserved 1179648K
  class space    used 15163K, committed 15680K, reserved 1048576K
}
Event: 110.254 GC heap after
{Heap after GC invocations=53 (full 0):
 garbage-first heap   total 317440K, used 216374K [0x0000000080000000, 0x0000000100000000)
  region size 1024K, 5 young (5120K), 5 survivors (5120K)
 Metaspace       used 111825K, committed 112832K, reserved 1179648K
  class space    used 15163K, committed 15680K, reserved 1048576K
}
Event: 110.559 GC heap before
{Heap before GC invocations=54 (full 0):
 garbage-first heap   total 317440K, used 190950K [0x0000000080000000, 0x0000000100000000)
  region size 1024K, 41 young (41984K), 5 survivors (5120K)
 Metaspace       used 111894K, committed 112832K, reserved 1179648K
  class space    used 15156K, committed 15680K, reserved 1048576K
}
Event: 110.566 GC heap after
{Heap after GC invocations=55 (full 0):
 garbage-first heap   total 317440K, used 163179K [0x0000000080000000, 0x0000000100000000)
  region size 1024K, 6 young (6144K), 6 survivors (6144K)
 Metaspace       used 111894K, committed 112832K, reserved 1179648K
  class space    used 15156K, committed 15680K, reserved 1048576K
}
Event: 110.581 GC heap before
{Heap before GC invocations=55 (full 0):
 garbage-first heap   total 317440K, used 172395K [0x0000000080000000, 0x0000000100000000)
  region size 1024K, 15 young (15360K), 6 survivors (6144K)
 Metaspace       used 111894K, committed 112832K, reserved 1179648K
  class space    used 15156K, committed 15680K, reserved 1048576K
}
Event: 110.586 GC heap after
{Heap after GC invocations=56 (full 0):
 garbage-first heap   total 317440K, used 141038K [0x0000000080000000, 0x0000000100000000)
  region size 1024K, 2 young (2048K), 2 survivors (2048K)
 Metaspace       used 111894K, committed 112832K, reserved 1179648K
  class space    used 15156K, committed 15680K, reserved 1048576K
}
Event: 110.616 GC heap before
{Heap before GC invocations=56 (full 0):
 garbage-first heap   total 317440K, used 154350K [0x0000000080000000, 0x0000000100000000)
  region size 1024K, 15 young (15360K), 2 survivors (2048K)
 Metaspace       used 111896K, committed 112832K, reserved 1179648K
  class space    used 15156K, committed 15680K, reserved 1048576K
}

